<?xml version="1.0" encoding="utf-8"?><testsuites name="pytest tests"><testsuite name="pytest" errors="0" failures="0" skipped="0" tests="14" time="1.356" timestamp="2026-05-12T09:29:54.841371+00:00" hostname="agent-env-66df5c9d-7fe5-40dd-9070-70b32495c605"><testcase classname="tests.test_forge_api.TestHealth" name="test_root" time="0.258" /><testcase classname="tests.test_forge_api.TestLeads" name="test_create_lead_curriculum" time="0.051" /><testcase classname="tests.test_forge_api.TestLeads" name="test_create_lead_specimen" time="0.044" /><testcase classname="tests.test_forge_api.TestLeads" name="test_create_lead_quiet" time="0.042" /><testcase classname="tests.test_forge_api.TestLeads" name="test_create_lead_invalid_email" time="0.045" /><testcase classname="tests.test_forge_api.TestLeads" name="test_create_lead_invalid_source" time="0.047" /><testcase classname="tests.test_forge_api.TestLeads" name="test_list_leads" time="0.047" /><testcase classname="tests.test_forge_api.TestApplications" name="test_create_application" time="0.045" /><testcase classname="tests.test_forge_api.TestApplications" name="test_create_application_missing_required" time="0.042" /><testcase classname="tests.test_forge_api.TestApplications" name="test_create_application_invalid_email" time="0.043" /><testcase classname="tests.test_forge_api.TestApplications" name="test_create_application_short_concept" time="0.043" /><testcase classname="tests.test_forge_api.TestApplications" name="test_list_applications" time="0.043" /><testcase classname="tests.test_forge_api.TestPDFs" name="test_curriculum_pdf" time="0.095" /><testcase classname="tests.test_forge_api.TestPDFs" name="test_specimen_pdf" time="0.376" /></testsuite></testsuites>